=== Combustion Model Optimization Log ===
Created: 2026-07-07 20:15:57
=====================================================


=== Optimization Results - Step 1 ===
Timestamp: 2026-07-07 20:15:59
Algorithm Used: genetic_algorithm
Final Objective Value: 0.072306
Optimized Parameters:
A: 0.000483
n: -0.332280
E: 9771.078798

=== Boundary Check Results - Step 1 ===
Timestamp: 2026-07-07 20:15:59
All parameters within normal bounds

=== Optimization Results - Step 3 ===
Timestamp: 2026-07-07 20:16:02
Algorithm Used: genetic_algorithm
Final Objective Value: 0.388040
Optimized Parameters:
A: 0.000433
n: -0.373018
E: 9941.193334
Teq: 793.206386
k: 0.082650
w: -6.953404
C0: 3584.163456
xf: 0.658586

=== Boundary Check Results - Step 3 ===
Timestamp: 2026-07-07 20:16:02
All parameters within normal bounds
